This is pdfTeX, Version 3.14159265-2.6-1.40.18 (MiKTeX 2.9.6600) (preloaded format=pdflatex 2018.2.23)  28 FEB 2018 04:32
entering extended mode
**./main.tex
(main.tex
LaTeX2e <2017-04-15>
Babel <3.17> and hyphenation patterns for 1 language(s) loaded.
(ieeeconf.cls
Document Class: ieeeconf 2004/1/15 revision V1.6b by Pradeep Misra
\@IEEEtrantmpdimenA=\dimen102
\@IEEEtrantmpdimenB=\dimen103
\@IEEEtrantmpcountA=\count79
\@IEEEtrantmpcountB=\count80
\@IEEEtrantmptoksA=\toks14
LaTeX Font Info:    Try loading font information for OT1+ptm on input line 792.

(/home/stevica/.miktex/texmfs/install/tex/latex/psnfss/ot1ptm.fd
File: ot1ptm.fd 2001/06/04 font definitions for OT1/ptm.
)
\@IEEEnormalsizefontbaselineskip=\skip41

-- This is a 10 point document.
\normalsizebaselineskip=\skip42
\normaljot=\skip43
LaTeX Font Info:    Font shape `OT1/ptm/bx/n' in size <5> not available
(Font)              Font shape `OT1/ptm/b/n' tried instead on input line 1111.
LaTeX Font Info:    Font shape `OT1/ptm/bx/it' in size <5> not available
(Font)              Font shape `OT1/ptm/b/it' tried instead on input line 1111.

LaTeX Font Info:    Font shape `OT1/ptm/bx/n' in size <7> not available
(Font)              Font shape `OT1/ptm/b/n' tried instead on input line 1111.
LaTeX Font Info:    Font shape `OT1/ptm/bx/it' in size <7> not available
(Font)              Font shape `OT1/ptm/b/it' tried instead on input line 1111.

LaTeX Font Info:    Font shape `OT1/ptm/bx/n' in size <8> not available
(Font)              Font shape `OT1/ptm/b/n' tried instead on input line 1111.
LaTeX Font Info:    Font shape `OT1/ptm/bx/it' in size <8> not available
(Font)              Font shape `OT1/ptm/b/it' tried instead on input line 1111.

LaTeX Font Info:    Font shape `OT1/ptm/bx/n' in size <9> not available
(Font)              Font shape `OT1/ptm/b/n' tried instead on input line 1111.
LaTeX Font Info:    Font shape `OT1/ptm/bx/it' in size <9> not available
(Font)              Font shape `OT1/ptm/b/it' tried instead on input line 1111.

LaTeX Font Info:    Font shape `OT1/ptm/bx/n' in size <10> not available
(Font)              Font shape `OT1/ptm/b/n' tried instead on input line 1111.
LaTeX Font Info:    Font shape `OT1/ptm/bx/it' in size <10> not available
(Font)              Font shape `OT1/ptm/b/it' tried instead on input line 1111.

LaTeX Font Info:    Font shape `OT1/ptm/bx/n' in size <11> not available
(Font)              Font shape `OT1/ptm/b/n' tried instead on input line 1111.
LaTeX Font Info:    Font shape `OT1/ptm/bx/it' in size <11> not available
(Font)              Font shape `OT1/ptm/b/it' tried instead on input line 1111.

LaTeX Font Info:    Font shape `OT1/ptm/bx/n' in size <12> not available
(Font)              Font shape `OT1/ptm/b/n' tried instead on input line 1111.
LaTeX Font Info:    Font shape `OT1/ptm/bx/it' in size <12> not available
(Font)              Font shape `OT1/ptm/b/it' tried instead on input line 1111.

LaTeX Font Info:    Font shape `OT1/ptm/bx/n' in size <16> not available
(Font)              Font shape `OT1/ptm/b/n' tried instead on input line 1111.
LaTeX Font Info:    Font shape `OT1/ptm/bx/it' in size <16> not available
(Font)              Font shape `OT1/ptm/b/it' tried instead on input line 1111.

LaTeX Font Info:    Font shape `OT1/ptm/bx/n' in size <20> not available
(Font)              Font shape `OT1/ptm/b/n' tried instead on input line 1111.
LaTeX Font Info:    Font shape `OT1/ptm/bx/it' in size <20> not available
(Font)              Font shape `OT1/ptm/b/it' tried instead on input line 1111.

LaTeX Font Info:    Font shape `OT1/ptm/bx/n' in size <24> not available
(Font)              Font shape `OT1/ptm/b/n' tried instead on input line 1111.
LaTeX Font Info:    Font shape `OT1/ptm/bx/it' in size <24> not available
(Font)              Font shape `OT1/ptm/b/it' tried instead on input line 1111.

\IEEEilabelindentA=\dimen104
\IEEEilabelindentB=\dimen105
\IEEEilabelindent=\dimen106
\IEEEelabelindent=\dimen107
\IEEEdlabelindent=\dimen108
\labelindent=\dimen109
\IEEEiednormlabelsep=\dimen110
\IEEEiedmathlabelsep=\dimen111
\IEEEiedtopsep=\skip44
\c@section=\count81
\c@subsection=\count82
\c@subsubsection=\count83
\c@paragraph=\count84
\c@IEEEsubequation=\count85
\abovecaptionskip=\skip45
\belowcaptionskip=\skip46
\c@figure=\count86
\c@table=\count87
\@IEEEeqnnumcols=\count88
\@IEEEeqncolcnt=\count89
\@IEEEtmpitemindent=\dimen112
\c@biography=\count90
\@IEEEtranrubishbin=\box26
) (/home/stevica/.miktex/texmfs/install/tex/latex/algorithm2e/algorithm2e.sty
Package: algorithm2e 2017/07/18 v5.2 algorithms environments
\c@AlgoLine=\count91

(/home/stevica/.miktex/texmfs/install/tex/latex/base/ifthen.sty
Package: ifthen 2014/09/29 v1.1c Standard LaTeX ifthen package (DPC)
)
\algocf@hangindent=\skip47


! LaTeX Error: Unknown option `options' for package `algorithm2e'.

See the LaTeX manual or LaTeX Companion for explanation.
Type  H <return>  for immediate help.
 ...                                              
                                                  
l.1489 \@algocf@algotitleofalgo
                               % fix name for \TitleOfAlgo to \algorithmcfna...

The option `options' was not declared in package `algorithm2e', perhaps you
misspelled its name. Try typing  <return>  to proceed.

(/home/stevica/.miktex/texmfs/install/tex/latex/ifoddpage/ifoddpage.sty
Package: ifoddpage 2016/04/23 v1.1 Conditionals for odd/even page detection
\c@checkoddpage=\count92
)
(/home/stevica/.miktex/texmfs/install/tex/latex/tools/xspace.sty
Package: xspace 2014/10/28 v1.13 Space after command names (DPC,MH)
)
(/home/stevica/.miktex/texmfs/install/tex/latex/relsize/relsize.sty
Package: relsize 2013/03/29 ver 4.1
)
\skiptotal=\skip48
\skiplinenumber=\skip49
\skiprule=\skip50
\skiphlne=\skip51
\skiptext=\skip52
\skiplength=\skip53
\algomargin=\skip54
\skipalgocfslide=\skip55
\algowidth=\dimen113
\inoutsize=\dimen114
\inoutindent=\dimen115
\interspacetitleruled=\dimen116
\interspacealgoruled=\dimen117
\interspacetitleboxruled=\dimen118
\algocf@ruledwidth=\skip56
\algocf@inoutbox=\box27
\algocf@inputbox=\box28
\AlCapSkip=\skip57
\AlCapHSkip=\skip58
\algoskipindent=\skip59
\algocf@nlbox=\box29
\algocf@hangingbox=\box30
\algocf@untilbox=\box31
\algocf@skipuntil=\skip60
\algocf@capbox=\box32
\algocf@lcaptionbox=\skip61
\algoheightruledefault=\skip62
\algoheightrule=\skip63
\algotitleheightruledefault=\skip64
\algotitleheightrule=\skip65
\c@algocfline=\count93
\c@algocfproc=\count94
\c@algocf=\count95
\algocf@algoframe=\box33
\algocf@algobox=\box34
)
** ATTENTION: Overriding command lockouts (line 10).
** ATTENTION: Overriding IEEE standard margins (line 13).
(main.aux)
\openout1 = `main.aux'.

LaTeX Font Info:    Checking defaults for OML/cmm/m/it on input line 50.
LaTeX Font Info:    ... okay on input line 50.
LaTeX Font Info:    Checking defaults for T1/cmr/m/n on input line 50.
LaTeX Font Info:    ... okay on input line 50.
LaTeX Font Info:    Checking defaults for OT1/cmr/m/n on input line 50.
LaTeX Font Info:    ... okay on input line 50.
LaTeX Font Info:    Checking defaults for OMS/cmsy/m/n on input line 50.
LaTeX Font Info:    ... okay on input line 50.
LaTeX Font Info:    Checking defaults for OMX/cmex/m/n on input line 50.
LaTeX Font Info:    ... okay on input line 50.
LaTeX Font Info:    Checking defaults for U/cmr/m/n on input line 50.
LaTeX Font Info:    ... okay on input line 50.
LaTeX Font Info:    Calculating math sizes for size <11> on input line 54.
LaTeX Font Info:    External font `cmex10' loaded for size
(Font)              <11> on input line 54.
LaTeX Font Info:    External font `cmex10' loaded for size
(Font)              <7.69997> on input line 54.
LaTeX Font Info:    External font `cmex10' loaded for size
(Font)              <5.5> on input line 54.
LaTeX Font Info:    Try loading font information for OMS+ptm on input line 82.
 (/home/stevica/.miktex/texmfs/install/tex/latex/psnfss/omsptm.fd
File: omsptm.fd 
)
LaTeX Font Info:    Font shape `OMS/ptm/m/n' in size <10> not available
(Font)              Font shape `OMS/cmsy/m/n' tried instead on input line 82.


** Conference Paper **
Before submitting the final camera ready copy, remember to:

 1. Manually equalize the lengths of two columns on the last page
 of your paper;

 2. Ensure that any PostScript and/or PDF output post-processing
 uses only Type 1 fonts and that every step in the generation
 process uses the US letter (8.5in X 11in) paper size.


Overfull \vbox (336.63313pt too high) has occurred while \output is active []


[1{/home/stevica/.miktex/texmfs/data/pdftex/config/pdftex.map}


] (main.aux) ) 
Here is how much of TeX's memory you used:
 1833 strings out of 495203
 30098 string characters out of 3181196
 94118 words of memory out of 3000000
 5189 multiletter control sequences out of 15000+200000
 35971 words of font info for 69 fonts, out of 3000000 for 9000
 14 hyphenation exceptions out of 8191
 26i,16n,28p,345b,387s stack positions out of 5000i,500n,10000p,200000b,50000s
{/home/stevica/.miktex/texmfs/install/fonts/enc/dvips/base/8r.enc
}</home/stevica/.miktex/texmfs/install/fonts/type1/public/amsfonts/cm/cmr8.pfb>
</home/stevica/.miktex/texmfs/install/fonts/type1/public/amsfonts/cm/cmsy10.pfb
></home/stevica/.miktex/texmfs/install/fonts/type1/urw/times/utmb8a.pfb></home/
stevica/.miktex/texmfs/install/fonts/type1/urw/times/utmbi8a.pfb></home/stevica
/.miktex/texmfs/install/fonts/type1/urw/times/utmr8a.pfb></home/stevica/.miktex
/texmfs/install/fonts/type1/urw/times/utmri8a.pfb>
Output written on main.pdf (1 page, 68597 bytes).
PDF statistics:
 31 PDF objects out of 1000 (max. 8388607)
 0 named destinations out of 1000 (max. 500000)
 1 words of extra memory for PDF output out of 10000 (max. 10000000)

